<?xml version="1.0" encoding="UTF-8"?>
<testng-results skipped="0" failed="0" ignored="0" total="1" passed="1">
  <reporter-output>
  </reporter-output>
  <suite name="Default suite" duration-ms="165867" started-at="2019-08-05T14:09:46Z" finished-at="2019-08-05T14:12:32Z">
    <groups>
    </groups>
    <test name="Default test" duration-ms="165867" started-at="2019-08-05T14:09:46Z" finished-at="2019-08-05T14:12:32Z">
      <class name="generakApk">
        <test-method status="PASS" signature="driverInitiate()[pri:0, instance:generakApk@1725dc0f]" name="driverInitiate" is-config="true" duration-ms="35485" started-at="2019-08-05T14:09:46Z" finished-at="2019-08-05T14:10:22Z">
          <reporter-output>
          </reporter-output>
        </test-method> <!-- driverInitiate -->
        <test-method status="PASS" signature="scenario1()[pri:0, instance:generakApk@1725dc0f]" name="scenario1" duration-ms="130325" started-at="2019-08-05T14:10:22Z" finished-at="2019-08-05T14:12:32Z">
          <reporter-output>
          </reporter-output>
        </test-method> <!-- scenario1 -->
      </class> <!-- generakApk -->
    </test> <!-- Default test -->
  </suite> <!-- Default suite -->
</testng-results>
